<?xml version="1.0" encoding="UTF-8"?>
<!-- Generated by org.testng.reporters.JUnitReportReporter -->
<testsuite skipped="0" hostname="DESKTOP-SHS08M3" name="com.jenkinss.google" tests="1" failures="0" timestamp="11 Apr 2018 15:42:52 GMT" time="16.002" errors="0">
  <testcase name="star" time="16.002" classname="com.jenkinss.google"/>
</testsuite> <!-- com.jenkinss.google -->
